# JRE version: Java(TM) SE Runtime Environment (8.0_25-b18) (build 1.8.0_25-b18)
# Java VM: Java HotSpot(TM) 64-Bit Server VM (25.25-b02 mixed mode windows-amd64 compressed oops)
Heap:
 PSYoungGen      total 102400K, used 25882K [0x00000000e0000000, 0x00000000e7080000, 0x0000000100000000)
  eden space 94720K, 20% used [0x00000000e0000000,0x00000000e12cd0d8,0x00000000e5c80000)
  from space 7680K, 86% used [0x00000000e6900000,0x00000000e6f799f0,0x00000000e7080000)
  to   space 10240K, 0% used [0x00000000e5c80000,0x00000000e5c80000,0x00000000e6680000)
 ParOldGen       total 51712K, used 10269K [0x00000000a0000000, 0x00000000a3280000, 0x00000000e0000000)
  object space 51712K, 19% used [0x00000000a0000000,0x00000000a0a07490,0x00000000a3280000)
 Metaspace       used 32116K, capacity 32760K, committed 33024K, reserved 1077248K
  class space    used 4451K, capacity 4607K, committed 4608K, reserved 1048576K
GC Heap History (10 events):
Event: 48.797 GC heap before
{Heap before GC invocations=5 (full 0):
 PSYoungGen      total 36352K, used 9188K [0x00000000e0000000, 0x00000000e2880000, 0x0000000100000000)
  eden space 31232K, 13% used [0x00000000e0000000,0x00000000e03fd108,0x00000000e1e80000)
  from space 5120K, 99% used [0x00000000e2380000,0x00000000e287c030,0x00000000e2880000)
  to   space 5120K, 0% used [0x00000000e1e80000,0x00000000e1e80000,0x00000000e2380000)
 ParOldGen       total 83456K, used 6330K [0x00000000a0000000, 0x00000000a5180000, 0x00000000e0000000)
  object space 83456K, 7% used [0x00000000a0000000,0x00000000a062e8f8,0x00000000a5180000)
 Metaspace       used 20718K, capacity 21106K, committed 21248K, reserved 1067008K
  class space    used 2848K, capacity 2976K, committed 3072K, reserved 1048576K
Event: 48.825 GC heap after
Heap after GC invocations=5 (full 0):
 PSYoungGen      total 36352K, used 5120K [0x00000000e0000000, 0x00000000e5000000, 0x0000000100000000)
  eden space 31232K, 0% used [0x00000000e0000000,0x00000000e0000000,0x00000000e1e80000)
  from space 5120K, 100% used [0x00000000e1e80000,0x00000000e2380000,0x00000000e2380000)
  to   space 9728K, 0% used [0x00000000e4680000,0x00000000e4680000,0x00000000e5000000)
 ParOldGen       total 83456K, used 7525K [0x00000000a0000000, 0x00000000a5180000, 0x00000000e0000000)
  object space 83456K, 9% used [0x00000000a0000000,0x00000000a0759760,0x00000000a5180000)
 Metaspace       used 20718K, capacity 21106K, committed 21248K, reserved 1067008K
  class space    used 2848K, capacity 2976K, committed 3072K, reserved 1048576K
}
Event: 48.825 GC heap before
{Heap before GC invocations=6 (full 1):
 PSYoungGen      total 36352K, used 5120K [0x00000000e0000000, 0x00000000e5000000, 0x0000000100000000)
  eden space 31232K, 0% used [0x00000000e0000000,0x00000000e0000000,0x00000000e1e80000)
  from space 5120K, 100% used [0x00000000e1e80000,0x00000000e2380000,0x00000000e2380000)
  to   space 9728K, 0% used [0x00000000e4680000,0x00000000e4680000,0x00000000e5000000)
 ParOldGen       total 83456K, used 7525K [0x00000000a0000000, 0x00000000a5180000, 0x00000000e0000000)
  object space 83456K, 9% used [0x00000000a0000000,0x00000000a0759760,0x00000000a5180000)
 Metaspace       used 20718K, capacity 21106K, committed 21248K, reserved 1067008K
  class space    used 2848K, capacity 2976K, committed 3072K, reserved 1048576K
Event: 49.161 GC heap after
Heap after GC invocations=6 (full 1):
 PSYoungGen      total 36352K, used 0K [0x00000000e0000000, 0x00000000e5000000, 0x0000000100000000)
  eden space 31232K, 0% used [0x00000000e0000000,0x00000000e0000000,0x00000000e1e80000)
  from space 5120K, 0% used [0x00000000e1e80000,0x00000000e1e80000,0x00000000e2380000)
  to   space 9728K, 0% used [0x00000000e4680000,0x00000000e4680000,0x00000000e5000000)
 ParOldGen       total 51712K, used 10253K [0x00000000a0000000, 0x00000000a3280000, 0x00000000e0000000)
  object space 51712K, 19% used [0x00000000a0000000,0x00000000a0a03490,0x00000000a3280000)
 Metaspace       used 20716K, capacity 21104K, committed 21248K, reserved 1067008K
  class space    used 2847K, capacity 2975K, committed 3072K, reserved 1048576K
}
Event: 54.907 GC heap before
{Heap before GC invocations=7 (full 1):
 PSYoungGen      total 36352K, used 31232K [0x00000000e0000000, 0x00000000e5000000, 0x0000000100000000)
  eden space 31232K, 100% used [0x00000000e0000000,0x00000000e1e80000,0x00000000e1e80000)
  from space 5120K, 0% used [0x00000000e1e80000,0x00000000e1e80000,0x00000000e2380000)
  to   space 9728K, 0% used [0x00000000e4680000,0x00000000e4680000,0x00000000e5000000)
 ParOldGen       total 51712K, used 10253K [0x00000000a0000000, 0x00000000a3280000, 0x00000000e0000000)
  object space 51712K, 19% used [0x00000000a0000000,0x00000000a0a03490,0x00000000a3280000)
 Metaspace       used 23425K, capacity 23858K, committed 24192K, reserved 1071104K
  class space    used 3205K, capacity 3336K, committed 3456K, reserved 1048576K
Event: 54.942 GC heap after
Heap after GC invocations=7 (full 1):
 PSYoungGen      total 59904K, used 3237K [0x00000000e0000000, 0x00000000e4a80000, 0x0000000100000000)
  eden space 55808K, 0% used [0x00000000e0000000,0x00000000e0000000,0x00000000e3680000)
  from space 4096K, 79% used [0x00000000e4680000,0x00000000e49a9768,0x00000000e4a80000)
  to   space 10240K, 0% used [0x00000000e3680000,0x00000000e3680000,0x00000000e4080000)
 ParOldGen       total 51712K, used 10261K [0x00000000a0000000, 0x00000000a3280000, 0x00000000e0000000)
  object space 51712K, 19% used [0x00000000a0000000,0x00000000a0a05490,0x00000000a3280000)
 Metaspace       used 23425K, capacity 23858K, committed 24192K, reserved 1071104K
  class space    used 3205K, capacity 3336K, committed 3456K, reserved 1048576K
}
Event: 65.636 GC heap before
{Heap before GC invocations=8 (full 1):
 PSYoungGen      total 59904K, used 59045K [0x00000000e0000000, 0x00000000e4a80000, 0x0000000100000000)
  eden space 55808K, 100% used [0x00000000e0000000,0x00000000e3680000,0x00000000e3680000)
  from space 4096K, 79% used [0x00000000e4680000,0x00000000e49a9768,0x00000000e4a80000)
  to   space 10240K, 0% used [0x00000000e3680000,0x00000000e3680000,0x00000000e4080000)
 ParOldGen       total 51712K, used 10261K [0x00000000a0000000, 0x00000000a3280000, 0x00000000e0000000)
  object space 51712K, 19% used [0x00000000a0000000,0x00000000a0a05490,0x00000000a3280000)
 Metaspace       used 27221K, capacity 27774K, committed 27904K, reserved 1073152K
  class space    used 3864K, capacity 3987K, committed 4096K, reserved 1048576K
Event: 65.707 GC heap after
Heap after GC invocations=8 (full 1):
 PSYoungGen      total 66048K, used 7840K [0x00000000e0000000, 0x00000000e7300000, 0x0000000100000000)
  eden space 55808K, 0% used [0x00000000e0000000,0x00000000e0000000,0x00000000e3680000)
  from space 10240K, 76% used [0x00000000e3680000,0x00000000e3e28068,0x00000000e4080000)
  to   space 10240K, 0% used [0x00000000e6900000,0x00000000e6900000,0x00000000e7300000)
 ParOldGen       total 51712K, used 10269K [0x00000000a0000000, 0x00000000a3280000, 0x00000000e0000000)
  object space 51712K, 19% used [0x00000000a0000000,0x00000000a0a07490,0x00000000a3280000)
 Metaspace       used 27221K, capacity 27774K, committed 27904K, reserved 1073152K
  class space    used 3864K, capacity 3987K, committed 4096K, reserved 1048576K
}
Event: 99.452 GC heap before
{Heap before GC invocations=9 (full 1):
 PSYoungGen      total 66048K, used 63648K [0x00000000e0000000, 0x00000000e7300000, 0x0000000100000000)
  eden space 55808K, 100% used [0x00000000e0000000,0x00000000e3680000,0x00000000e3680000)
  from space 10240K, 76% used [0x00000000e3680000,0x00000000e3e28068,0x00000000e4080000)
  to   space 10240K, 0% used [0x00000000e6900000,0x00000000e6900000,0x00000000e7300000)
 ParOldGen       total 51712K, used 10269K [0x00000000a0000000, 0x00000000a3280000, 0x00000000e0000000)
  object space 51712K, 19% used [0x00000000a0000000,0x00000000a0a07490,0x00000000a3280000)
 Metaspace       used 29899K, capacity 30480K, committed 30720K, reserved 1075200K
  class space    used 4158K, capacity 4312K, committed 4352K, reserved 1048576K
Event: 99.625 GC heap after
Heap after GC invocations=9 (full 1):
 PSYoungGen      total 102400K, used 6630K [0x00000000e0000000, 0x00000000e7080000, 0x0000000100000000)
  eden space 94720K, 0% used [0x00000000e0000000,0x00000000e0000000,0x00000000e5c80000)
  from space 7680K, 86% used [0x00000000e6900000,0x00000000e6f799f0,0x00000000e7080000)
  to   space 10240K, 0% used [0x00000000e5c80000,0x00000000e5c80000,0x00000000e6680000)
 ParOldGen       total 51712K, used 10269K [0x00000000a0000000, 0x00000000a3280000, 0x00000000e0000000)
  object space 51712K, 19% used [0x00000000a0000000,0x00000000a0a07490,0x00000000a3280000)
 Metaspace       used 29899K, capacity 30480K, committed 30720K, reserved 1075200K
  class space    used 4158K, capacity 4312K, committed 4352K, reserved 1048576K
}

